{"/Users/stephaniechamblee/projects/TDD-Redux/index.js": {"path":"/Users/stephaniechamblee/projects/TDD-Redux/index.js","statementMap":{"0":{"start":{"line":1,"column":21},"end":{"line":3,"column":1}},"1":{"start":{"line":5,"column":0},"end":{"line":18,"column":2}},"2":{"start":{"line":6,"column":4},"end":{"line":16,"column":5}},"3":{"start":{"line":8,"column":11},"end":{"line":9,"column":13}},"4":{"start":{"line":11,"column":12},"end":{"line":13,"column":14}},"5":{"start":{"line":15,"column":12},"end":{"line":15,"column":32}}},"fnMap":{"0":{"name":"rnaTranscriptionReducer","decl":{"start":{"line":5,"column":26},"end":{"line":5,"column":49}},"loc":{"start":{"line":5,"column":80},"end":{"line":18,"column":1}},"line":5}},"branchMap":{"0":{"loc":{"start":{"line":5,"column":50},"end":{"line":5,"column":70}},"type":"default-arg","locations":[{"start":{"line":5,"column":58},"end":{"line":5,"column":70}}],"line":5},"1":{"loc":{"start":{"line":6,"column":4},"end":{"line":16,"column":5}},"type":"switch","locations":[{"start":{"line":7,"column":8},"end":{"line":9,"column":13}},{"start":{"line":10,"column":8},"end":{"line":13,"column":14}},{"start":{"line":14,"column":8},"end":{"line":15,"column":32}}],"line":6}},"s":{"0":1,"1":1,"2":3,"3":1,"4":1,"5":1},"f":{"0":3},"b":{"0":[0],"1":[1,1,1]},"_coverageSchema":"332fd63041d2c1bcb487cc26dd0d5f7d97098a6c","hash":"53c4d388da8bbc7ffb330c089099c136a6846ec4"}
}
